<?xml version="1.0" encoding="UTF-8"?>
<testsuite xmlns:xsi="http://www.w3.org/2001/XMLSchema-instance" xsi:noNamespaceSchemaLocation="https://maven.apache.org/surefire/maven-surefire-plugin/xsd/surefire-test-report.xsd" name="io.github.assimbly.processors.producewithcamel.ProduceWithCamelTest" time="1.806" tests="1" errors="0" skipped="0" failures="0">
  <properties>
    <property name="sun.desktop" value="windows"/>
    <property name="awt.toolkit" value="sun.awt.windows.WToolkit"/>
    <property name="file.encoding.pkg" value="sun.io"/>
    <property name="java.specification.version" value="1.8"/>
    <property name="sun.cpu.isalist" value="amd64"/>
    <property name="sun.jnu.encoding" value="Cp1252"/>
    <property name="java.class.path" value="C:\Users\user\git\producewithcamel\nifi-producewithcamel-processors\target\test-classes;C:\Users\user\git\producewithcamel\nifi-producewithcamel-processors\target\classes;C:\Users\user\.m2\repository\org\apache\nifi\nifi-api\1.11.4\nifi-api-1.11.4.jar;C:\Users\user\.m2\repository\org\apache\nifi\nifi-utils\1.11.4\nifi-utils-1.11.4.jar;C:\Users\user\.m2\repository\org\apache\nifi\nifi-mock\1.11.4\nifi-mock-1.11.4.jar;C:\Users\user\.m2\repository\org\apache\nifi\nifi-framework-api\1.11.4\nifi-framework-api-1.11.4.jar;C:\Users\user\.m2\repository\org\apache\nifi\nifi-parameter\1.11.4\nifi-parameter-1.11.4.jar;C:\Users\user\.m2\repository\org\apache\nifi\nifi-expression-language\1.11.4\nifi-expression-language-1.11.4.jar;C:\Users\user\.m2\repository\org\antlr\antlr-runtime\3.5.2\antlr-runtime-3.5.2.jar;C:\Users\user\.m2\repository\com\jayway\jsonpath\json-path\2.4.0\json-path-2.4.0.jar;C:\Users\user\.m2\repository\com\fasterxml\jackson\core\jackson-databind\2.9.10.3\jackson-databind-2.9.10.3.jar;C:\Users\user\.m2\repository\com\fasterxml\jackson\core\jackson-core\2.9.10\jackson-core-2.9.10.jar;C:\Users\user\.m2\repository\org\apache\commons\commons-text\1.8\commons-text-1.8.jar;C:\Users\user\.m2\repository\org\apache\nifi\nifi-data-provenance-utils\1.11.4\nifi-data-provenance-utils-1.11.4.jar;C:\Users\user\.m2\repository\org\apache\nifi\nifi-security-utils\1.11.4\nifi-security-utils-1.11.4.jar;C:\Users\user\.m2\repository\org\bouncycastle\bcpkix-jdk15on\1.61\bcpkix-jdk15on-1.61.jar;C:\Users\user\.m2\repository\de\svenkubiak\jBCrypt\0.4.1\jBCrypt-0.4.1.jar;C:\Users\user\.m2\repository\org\bouncycastle\bcprov-jdk15on\1.61\bcprov-jdk15on-1.61.jar;C:\Users\user\.m2\repository\org\apache\nifi\nifi-properties-loader\1.11.4\nifi-properties-loader-1.11.4.jar;C:\Users\user\.m2\repository\org\apache\nifi\nifi-properties\1.11.4\nifi-properties-1.11.4.jar;C:\Users\user\.m2\repository\org\slf4j\slf4j-simple\1.7.30\slf4j-simple-1.7.30.jar;C:\Users\user\.m2\repository\org\slf4j\slf4j-api\1.7.30\slf4j-api-1.7.30.jar;C:\Users\user\.m2\repository\commons-io\commons-io\2.6\commons-io-2.6.jar;C:\Users\user\.m2\repository\org\assimbly\connector\3.0.0\connector-3.0.0.jar;C:\Users\user\.m2\repository\org\apache\camel\camel-api\3.2.0\camel-api-3.2.0.jar;C:\Users\user\.m2\repository\org\apache\camel\camel-base\3.2.0\camel-base-3.2.0.jar;C:\Users\user\.m2\repository\org\apache\camel\camel-bean\3.2.0\camel-bean-3.2.0.jar;C:\Users\user\.m2\repository\org\apache\camel\camel-browse\3.2.0\camel-browse-3.2.0.jar;C:\Users\user\.m2\repository\org\apache\camel\camel-caffeine-lrucache\3.2.0\camel-caffeine-lrucache-3.2.0.jar;C:\Users\user\.m2\repository\com\github\ben-manes\caffeine\caffeine\2.8.1\caffeine-2.8.1.jar;C:\Users\user\.m2\repository\org\apache\camel\camel-catalog\3.2.0\camel-catalog-3.2.0.jar;C:\Users\user\.m2\repository\org\apache\camel\camel-tooling-model\3.2.0\camel-tooling-model-3.2.0.jar;C:\Users\user\.m2\repository\org\apache\camel\camel-cloud\3.2.0\camel-cloud-3.2.0.jar;C:\Users\user\.m2\repository\org\apache\camel\camel-controlbus\3.2.0\camel-controlbus-3.2.0.jar;C:\Users\user\.m2\repository\org\apache\camel\camel-core-engine\3.2.0\camel-core-engine-3.2.0.jar;C:\Users\user\.m2\repository\org\apache\camel\camel-core-catalog\3.1.0\camel-core-catalog-3.1.0.jar;C:\Users\user\.m2\repository\org\apache\camel\camel-dataformat\3.2.0\camel-dataformat-3.2.0.jar;C:\Users\user\.m2\repository\org\apache\camel\camel-dataset\3.2.0\camel-dataset-3.2.0.jar;C:\Users\user\.m2\repository\org\apache\camel\camel-groovy\3.2.0\camel-groovy-3.2.0.jar;C:\Users\user\.m2\repository\org\apache\camel\camel-jsonpath\3.2.0\camel-jsonpath-3.2.0.jar;C:\Users\user\.m2\repository\net\minidev\json-smart\2.3\json-smart-2.3.jar;C:\Users\user\.m2\repository\net\minidev\accessors-smart\1.2\accessors-smart-1.2.jar;C:\Users\user\.m2\repository\org\apache\camel\camel-management\3.2.0\camel-management-3.2.0.jar;C:\Users\user\.m2\repository\org\apache\camel\camel-management-api\3.2.0\camel-management-api-3.2.0.jar;C:\Users\user\.m2\repository\org\apache\camel\camel-metrics\3.2.0\camel-metrics-3.2.0.jar;C:\Users\user\.m2\repository\io\dropwizard\metrics\metrics-core\4.1.5\metrics-core-4.1.5.jar;C:\Users\user\.m2\repository\io\dropwizard\metrics\metrics-jmx\4.1.5\metrics-jmx-4.1.5.jar;C:\Users\user\.m2\repository\io\dropwizard\metrics\metrics-json\4.1.5\metrics-json-4.1.5.jar;C:\Users\user\.m2\repository\org\apache\camel\camel-support\3.2.0\camel-support-3.2.0.jar;C:\Users\user\.m2\repository\org\apache\camel\camel-util\3.2.0\camel-util-3.2.0.jar;C:\Users\user\.m2\repository\org\apache\camel\camel-util-json\3.2.0\camel-util-json-3.2.0.jar;C:\Users\user\.m2\repository\org\apache\camel\camel-validator\3.2.0\camel-validator-3.2.0.jar;C:\Users\user\.m2\repository\org\apache\camel\camel-xml-jaxp\3.2.0\camel-xml-jaxp-3.2.0.jar;C:\Users\user\.m2\repository\org\apache\camel\camel-xpath\3.2.0\camel-xpath-3.2.0.jar;C:\Users\user\.m2\repository\org\apache\camel\camel-xslt\3.2.0\camel-xslt-3.2.0.jar;C:\Users\user\.m2\repository\org\apache\camel\camel-xml-jaxb\3.2.0\camel-xml-jaxb-3.2.0.jar;C:\Users\user\.m2\repository\jakarta\xml\bind\jakarta.xml.bind-api\2.3.2\jakarta.xml.bind-api-2.3.2.jar;C:\Users\user\.m2\repository\jakarta\activation\jakarta.activation-api\1.2.1\jakarta.activation-api-1.2.1.jar;C:\Users\user\.m2\repository\org\apache\camel\camel-xslt-saxon\3.2.0\camel-xslt-saxon-3.2.0.jar;C:\Users\user\.m2\repository\net\sf\saxon\Saxon-HE\9.9.1-6\Saxon-HE-9.9.1-6.jar;C:\Users\user\.m2\repository\org\apache\camel\camel-amqp\3.2.0\camel-amqp-3.2.0.jar;C:\Users\user\.m2\repository\org\apache\qpid\qpid-jms-client\0.50.0\qpid-jms-client-0.50.0.jar;C:\Users\user\.m2\repository\org\apache\qpid\proton-j\0.33.3\proton-j-0.33.3.jar;C:\Users\user\.m2\repository\io\netty\netty-buffer\4.1.48.Final\netty-buffer-4.1.48.Final.jar;C:\Users\user\.m2\repository\io\netty\netty-common\4.1.48.Final\netty-common-4.1.48.Final.jar;C:\Users\user\.m2\repository\io\netty\netty-handler\4.1.48.Final\netty-handler-4.1.48.Final.jar;C:\Users\user\.m2\repository\io\netty\netty-transport\4.1.48.Final\netty-transport-4.1.48.Final.jar;C:\Users\user\.m2\repository\io\netty\netty-codec-http\4.1.48.Final\netty-codec-http-4.1.48.Final.jar;C:\Users\user\.m2\repository\org\apache\camel\camel-as2\3.2.0\camel-as2-3.2.0.jar;C:\Users\user\.m2\repository\org\apache\camel\camel-as2-api\3.2.0\camel-as2-api-3.2.0.jar;C:\Users\user\.m2\repository\org\apache\httpcomponents\httpmime\4.5.12\httpmime-4.5.12.jar;C:\Users\user\.m2\repository\org\bouncycastle\bcprov-debug-jdk15on\1.64\bcprov-debug-jdk15on-1.64.jar;C:\Users\user\.m2\repository\org\apache\velocity\velocity-engine-core\2.1\velocity-engine-core-2.1.jar;C:\Users\user\.m2\repository\org\apache\logging\log4j\log4j-api\2.13.1\log4j-api-2.13.1.jar;C:\Users\user\.m2\repository\org\apache\logging\log4j\log4j-core\2.13.1\log4j-core-2.13.1.jar;C:\Users\user\.m2\repository\org\apache\logging\log4j\log4j-slf4j-impl\2.13.1\log4j-slf4j-impl-2.13.1.jar;C:\Users\user\.m2\repository\org\apache\camel\camel-aws-s3\3.2.0\camel-aws-s3-3.2.0.jar;C:\Users\user\.m2\repository\com\amazonaws\aws-java-sdk-s3\1.11.714\aws-java-sdk-s3-1.11.714.jar;C:\Users\user\.m2\repository\com\amazonaws\aws-java-sdk-kms\1.11.714\aws-java-sdk-kms-1.11.714.jar;C:\Users\user\.m2\repository\com\amazonaws\aws-java-sdk-core\1.11.714\aws-java-sdk-core-1.11.714.jar;C:\Users\user\.m2\repository\software\amazon\ion\ion-java\1.0.2\ion-java-1.0.2.jar;C:\Users\user\.m2\repository\com\fasterxml\jackson\dataformat\jackson-dataformat-cbor\2.6.7\jackson-dataformat-cbor-2.6.7.jar;C:\Users\user\.m2\repository\joda-time\joda-time\2.8.1\joda-time-2.8.1.jar;C:\Users\user\.m2\repository\com\amazonaws\jmespath-java\1.11.714\jmespath-java-1.11.714.jar;C:\Users\user\.m2\repository\org\apache\camel\camel-cxf\3.2.0\camel-cxf-3.2.0.jar;C:\Users\user\.m2\repository\org\apache\camel\camel-attachments\3.2.0\camel-attachments-3.2.0.jar;C:\Users\user\.m2\repository\com\sun\activation\javax.activation\1.2.0\javax.activation-1.2.0.jar;C:\Users\user\.m2\repository\org\apache\camel\camel-cxf-transport\3.2.0\camel-cxf-transport-3.2.0.jar;C:\Users\user\.m2\repository\org\apache\camel\camel-http-base\3.2.0\camel-http-base-3.2.0.jar;C:\Users\user\.m2\repository\org\apache\cxf\cxf-rt-frontend-jaxrs\3.3.6\cxf-rt-frontend-jaxrs-3.3.6.jar;C:\Users\user\.m2\repository\org\apache\cxf\cxf-core\3.3.6\cxf-core-3.3.6.jar;C:\Users\user\.m2\repository\org\glassfish\jaxb\jaxb-runtime\2.3.2\jaxb-runtime-2.3.2.jar;C:\Users\user\.m2\repository\org\glassfish\jaxb\txw2\2.3.2\txw2-2.3.2.jar;C:\Users\user\.m2\repository\com\sun\istack\istack-commons-runtime\3.0.8\istack-commons-runtime-3.0.8.jar;C:\Users\user\.m2\repository\org\jvnet\staxex\stax-ex\1.8.1\stax-ex-1.8.1.jar;C:\Users\user\.m2\repository\com\sun\xml\fastinfoset\FastInfoset\1.2.16\FastInfoset-1.2.16.jar;C:\Users\user\.m2\repository\com\fasterxml\woodstox\woodstox-core\5.0.3\woodstox-core-5.0.3.jar;C:\Users\user\.m2\repository\org\codehaus\woodstox\stax2-api\3.1.4\stax2-api-3.1.4.jar;C:\Users\user\.m2\repository\org\apache\ws\xmlschema\xmlschema-core\2.2.5\xmlschema-core-2.2.5.jar;C:\Users\user\.m2\repository\jakarta\ws\rs\jakarta.ws.rs-api\2.1.5\jakarta.ws.rs-api-2.1.5.jar;C:\Users\user\.m2\repository\javax\annotation\javax.annotation-api\1.3.2\javax.annotation-api-1.3.2.jar;C:\Users\user\.m2\repository\org\apache\cxf\cxf-rt-transports-http\3.3.6\cxf-rt-transports-http-3.3.6.jar;C:\Users\user\.m2\repository\org\apache\cxf\cxf-rt-security\3.3.6\cxf-rt-security-3.3.6.jar;C:\Users\user\.m2\repository\org\apache\cxf\cxf-rt-frontend-jaxws\3.3.6\cxf-rt-frontend-jaxws-3.3.6.jar;C:\Users\user\.m2\repository\xml-resolver\xml-resolver\1.2\xml-resolver-1.2.jar;C:\Users\user\.m2\repository\org\ow2\asm\asm\7.1\asm-7.1.jar;C:\Users\user\.m2\repository\org\apache\cxf\cxf-rt-bindings-xml\3.3.6\cxf-rt-bindings-xml-3.3.6.jar;C:\Users\user\.m2\repository\org\apache\cxf\cxf-rt-frontend-simple\3.3.6\cxf-rt-frontend-simple-3.3.6.jar;C:\Users\user\.m2\repository\org\apache\cxf\cxf-rt-ws-addr\3.3.6\cxf-rt-ws-addr-3.3.6.jar;C:\Users\user\.m2\repository\org\apache\cxf\cxf-rt-ws-policy\3.3.6\cxf-rt-ws-policy-3.3.6.jar;C:\Users\user\.m2\repository\org\apache\neethi\neethi\3.1.1\neethi-3.1.1.jar;C:\Users\user\.m2\repository\org\apache\cxf\cxf-rt-rs-client\3.3.6\cxf-rt-rs-client-3.3.6.jar;C:\Users\user\.m2\repository\org\apache\cxf\cxf-rt-features-logging\3.3.6\cxf-rt-features-logging-3.3.6.jar;C:\Users\user\.m2\repository\org\springframework\spring-beans\5.2.5.RELEASE\spring-beans-5.2.5.RELEASE.jar;C:\Users\user\.m2\repository\org\springframework\spring-context\5.2.5.RELEASE\spring-context-5.2.5.RELEASE.jar;C:\Users\user\.m2\repository\org\apache\cxf\cxf-rt-bindings-soap\3.3.6\cxf-rt-bindings-soap-3.3.6.jar;C:\Users\user\.m2\repository\org\apache\cxf\cxf-rt-wsdl\3.3.6\cxf-rt-wsdl-3.3.6.jar;C:\Users\user\.m2\repository\wsdl4j\wsdl4j\1.6.3\wsdl4j-1.6.3.jar;C:\Users\user\.m2\repository\org\apache\cxf\cxf-rt-databinding-jaxb\3.3.6\cxf-rt-databinding-jaxb-3.3.6.jar;C:\Users\user\.m2\repository\org\apache\camel\camel-direct\3.2.0\camel-direct-3.2.0.jar;C:\Users\user\.m2\repository\org\apache\camel\camel-directvm\3.2.0\camel-directvm-3.2.0.jar;C:\Users\user\.m2\repository\org\apache\camel\camel-elasticsearch-rest\3.2.0\camel-elasticsearch-rest-3.2.0.jar;C:\Users\user\.m2\repository\org\elasticsearch\client\elasticsearch-rest-high-level-client\7.3.2\elasticsearch-rest-high-level-client-7.3.2.jar;C:\Users\user\.m2\repository\org\elasticsearch\elasticsearch\7.3.2\elasticsearch-7.3.2.jar;C:\Users\user\.m2\repository\org\elasticsearch\elasticsearch-core\7.3.2\elasticsearch-core-7.3.2.jar;C:\Users\user\.m2\repository\org\elasticsearch\elasticsearch-secure-sm\7.3.2\elasticsearch-secure-sm-7.3.2.jar;C:\Users\user\.m2\repository\org\elasticsearch\elasticsearch-x-content\7.3.2\elasticsearch-x-content-7.3.2.jar;C:\Users\user\.m2\repository\com\fasterxml\jackson\dataformat\jackson-dataformat-smile\2.8.11\jackson-dataformat-smile-2.8.11.jar;C:\Users\user\.m2\repository\org\elasticsearch\elasticsearch-geo\7.3.2\elasticsearch-geo-7.3.2.jar;C:\Users\user\.m2\repository\org\apache\lucene\lucene-core\8.1.0\lucene-core-8.1.0.jar;C:\Users\user\.m2\repository\org\apache\lucene\lucene-analyzers-common\8.1.0\lucene-analyzers-common-8.1.0.jar;C:\Users\user\.m2\repository\org\apache\lucene\lucene-backward-codecs\8.1.0\lucene-backward-codecs-8.1.0.jar;C:\Users\user\.m2\repository\org\apache\lucene\lucene-grouping\8.1.0\lucene-grouping-8.1.0.jar;C:\Users\user\.m2\repository\org\apache\lucene\lucene-highlighter\8.1.0\lucene-highlighter-8.1.0.jar;C:\Users\user\.m2\repository\org\apache\lucene\lucene-join\8.1.0\lucene-join-8.1.0.jar;C:\Users\user\.m2\repository\org\apache\lucene\lucene-memory\8.1.0\lucene-memory-8.1.0.jar;C:\Users\user\.m2\repository\org\apache\lucene\lucene-misc\8.1.0\lucene-misc-8.1.0.jar;C:\Users\user\.m2\repository\org\apache\lucene\lucene-queries\8.1.0\lucene-queries-8.1.0.jar;C:\Users\user\.m2\repository\org\apache\lucene\lucene-queryparser\8.1.0\lucene-queryparser-8.1.0.jar;C:\Users\user\.m2\repository\org\apache\lucene\lucene-sandbox\8.1.0\lucene-sandbox-8.1.0.jar;C:\Users\user\.m2\repository\org\apache\lucene\lucene-spatial\8.1.0\lucene-spatial-8.1.0.jar;C:\Users\user\.m2\repository\org\apache\lucene\lucene-spatial-extras\8.1.0\lucene-spatial-extras-8.1.0.jar;C:\Users\user\.m2\repository\org\apache\lucene\lucene-spatial3d\8.1.0\lucene-spatial3d-8.1.0.jar;C:\Users\user\.m2\repository\org\apache\lucene\lucene-suggest\8.1.0\lucene-suggest-8.1.0.jar;C:\Users\user\.m2\repository\org\elasticsearch\elasticsearch-cli\7.3.2\elasticsearch-cli-7.3.2.jar;C:\Users\user\.m2\repository\net\sf\jopt-simple\jopt-simple\5.0.2\jopt-simple-5.0.2.jar;C:\Users\user\.m2\repository\com\carrotsearch\hppc\0.8.1\hppc-0.8.1.jar;C:\Users\user\.m2\repository\com\tdunning\t-digest\3.2\t-digest-3.2.jar;C:\Users\user\.m2\repository\org\elasticsearch\jna\4.5.1\jna-4.5.1.jar;C:\Users\user\.m2\repository\org\elasticsearch\client\elasticsearch-rest-client\7.3.2\elasticsearch-rest-client-7.3.2.jar;C:\Users\user\.m2\repository\org\apache\httpcomponents\httpasyncclient\4.1.4\httpasyncclient-4.1.4.jar;C:\Users\user\.m2\repository\org\apache\httpcomponents\httpcore-nio\4.4.11\httpcore-nio-4.4.11.jar;C:\Users\user\.m2\repository\org\elasticsearch\plugin\parent-join-client\7.3.2\parent-join-client-7.3.2.jar;C:\Users\user\.m2\repository\org\elasticsearch\plugin\aggs-matrix-stats-client\7.3.2\aggs-matrix-stats-client-7.3.2.jar;C:\Users\user\.m2\repository\org\elasticsearch\plugin\rank-eval-client\7.3.2\rank-eval-client-7.3.2.jar;C:\Users\user\.m2\repository\org\elasticsearch\plugin\lang-mustache-client\7.3.2\lang-mustache-client-7.3.2.jar;C:\Users\user\.m2\repository\com\github\spullara\mustache\java\compiler\0.9.3\compiler-0.9.3.jar;C:\Users\user\.m2\repository\org\elasticsearch\client\elasticsearch-rest-client-sniffer\7.3.2\elasticsearch-rest-client-sniffer-7.3.2.jar;C:\Users\user\.m2\repository\org\apache\camel\camel-file\3.2.0\camel-file-3.2.0.jar;C:\Users\user\.m2\repository\org\apache\camel\camel-cluster\3.2.0\camel-cluster-3.2.0.jar;C:\Users\user\.m2\repository\org\apache\camel\camel-ftp\3.2.0\camel-ftp-3.2.0.jar;C:\Users\user\.m2\repository\com\jcraft\jsch\0.1.55\jsch-0.1.55.jar;C:\Users\user\.m2\repository\commons-net\commons-net\3.6\commons-net-3.6.jar;C:\Users\user\.m2\repository\org\apache\camel\camel-http\3.2.0\camel-http-3.2.0.jar;C:\Users\user\.m2\repository\org\apache\camel\camel-http-common\3.2.0\camel-http-common-3.2.0.jar;C:\Users\user\.m2\repository\org\apache\camel\camel-jdbc\3.2.0\camel-jdbc-3.2.0.jar;C:\Users\user\.m2\repository\org\springframework\spring-jdbc\5.2.5.RELEASE\spring-jdbc-5.2.5.RELEASE.jar;C:\Users\user\.m2\repository\org\apache\camel\camel-jetty\3.2.0\camel-jetty-3.2.0.jar;C:\Users\user\.m2\repository\org\eclipse\jetty\jetty-server\9.4.19.v20190610\jetty-server-9.4.19.v20190610.jar;C:\Users\user\.m2\repository\org\eclipse\jetty\jetty-http\9.4.19.v20190610\jetty-http-9.4.19.v20190610.jar;C:\Users\user\.m2\repository\org\eclipse\jetty\jetty-io\9.4.19.v20190610\jetty-io-9.4.19.v20190610.jar;C:\Users\user\.m2\repository\org\eclipse\jetty\jetty-servlet\9.4.19.v20190610\jetty-servlet-9.4.19.v20190610.jar;C:\Users\user\.m2\repository\org\eclipse\jetty\jetty-security\9.4.22.v20191022\jetty-security-9.4.22.v20191022.jar;C:\Users\user\.m2\repository\org\eclipse\jetty\jetty-servlets\9.4.19.v20190610\jetty-servlets-9.4.19.v20190610.jar;C:\Users\user\.m2\repository\org\eclipse\jetty\jetty-continuation\9.4.19.v20190610\jetty-continuation-9.4.19.v20190610.jar;C:\Users\user\.m2\repository\org\eclipse\jetty\jetty-client\9.4.22.v20191022\jetty-client-9.4.22.v20191022.jar;C:\Users\user\.m2\repository\org\eclipse\jetty\jetty-jmx\9.4.22.v20191022\jetty-jmx-9.4.22.v20191022.jar;C:\Users\user\.m2\repository\org\eclipse\jetty\jetty-util\9.4.22.v20191022\jetty-util-9.4.22.v20191022.jar;C:\Users\user\.m2\repository\org\apache\camel\camel-jetty-common\3.2.0\camel-jetty-common-3.2.0.jar;C:\Users\user\.m2\repository\org\apache\camel\camel-jms\3.2.0\camel-jms-3.2.0.jar;C:\Users\user\.m2\repository\org\springframework\spring-jms\5.2.5.RELEASE\spring-jms-5.2.5.RELEASE.jar;C:\Users\user\.m2\repository\org\springframework\spring-messaging\5.2.5.RELEASE\spring-messaging-5.2.5.RELEASE.jar;C:\Users\user\.m2\repository\org\springframework\spring-tx\5.2.5.RELEASE\spring-tx-5.2.5.RELEASE.jar;C:\Users\user\.m2\repository\org\apache\geronimo\specs\geronimo-jms_2.0_spec\1.0-alpha-2\geronimo-jms_2.0_spec-1.0-alpha-2.jar;C:\Users\user\.m2\repository\org\apache\camel\camel-kafka\3.2.0\camel-kafka-3.2.0.jar;C:\Users\user\.m2\repository\org\apache\kafka\kafka-clients\2.4.0\kafka-clients-2.4.0.jar;C:\Users\user\.m2\repository\com\github\luben\zstd-jni\1.4.3-1\zstd-jni-1.4.3-1.jar;C:\Users\user\.m2\repository\org\lz4\lz4-java\1.6.0\lz4-java-1.6.0.jar;C:\Users\user\.m2\repository\org\xerial\snappy\snappy-java\1.1.7.3\snappy-java-1.1.7.3.jar;C:\Users\user\.m2\repository\org\apache\camel\camel-language\3.2.0\camel-language-3.2.0.jar;C:\Users\user\.m2\repository\org\apache\camel\camel-ldap\3.2.0\camel-ldap-3.2.0.jar;C:\Users\user\.m2\repository\org\apache\camel\camel-log\3.2.0\camel-log-3.2.0.jar;C:\Users\user\.m2\repository\org\apache\camel\camel-mail\3.2.0\camel-mail-3.2.0.jar;C:\Users\user\.m2\repository\com\sun\mail\jakarta.mail\1.6.5\jakarta.mail-1.6.5.jar;C:\Users\user\.m2\repository\org\apache\camel\camel-mock\3.2.0\camel-mock-3.2.0.jar;C:\Users\user\.m2\repository\org\apache\camel\camel-netty\3.2.0\camel-netty-3.2.0.jar;C:\Users\user\.m2\repository\io\netty\netty-codec\4.1.48.Final\netty-codec-4.1.48.Final.jar;C:\Users\user\.m2\repository\io\netty\netty-resolver\4.1.48.Final\netty-resolver-4.1.48.Final.jar;C:\Users\user\.m2\repository\io\netty\netty-transport-native-epoll\4.1.48.Final\netty-transport-native-epoll-4.1.48.Final.jar;C:\Users\user\.m2\repository\io\netty\netty-transport-native-unix-common\4.1.48.Final\netty-transport-native-unix-common-4.1.48.Final.jar;C:\Users\user\.m2\repository\commons-pool\commons-pool\1.6\commons-pool-1.6.jar;C:\Users\user\.m2\repository\org\apache\camel\camel-rabbitmq\3.2.0\camel-rabbitmq-3.2.0.jar;C:\Users\user\.m2\repository\com\rabbitmq\amqp-client\5.8.0\amqp-client-5.8.0.jar;C:\Users\user\.m2\repository\org\apache\camel\camel-ref\3.2.0\camel-ref-3.2.0.jar;C:\Users\user\.m2\repository\org\apache\camel\camel-rest\3.2.0\camel-rest-3.2.0.jar;C:\Users\user\.m2\repository\org\apache\camel\camel-saga\3.2.0\camel-saga-3.2.0.jar;C:\Users\user\.m2\repository\org\apache\camel\camel-scheduler\3.2.0\camel-scheduler-3.2.0.jar;C:\Users\user\.m2\repository\org\apache\camel\camel-seda\3.2.0\camel-seda-3.2.0.jar;C:\Users\user\.m2\repository\org\apache\camel\camel-sjms\3.2.0\camel-sjms-3.2.0.jar;C:\Users\user\.m2\repository\org\apache\camel\camel-sql\3.2.0\camel-sql-3.2.0.jar;C:\Users\user\.m2\repository\org\apache\camel\camel-slack\3.2.0\camel-slack-3.2.0.jar;C:\Users\user\.m2\repository\com\googlecode\json-simple\json-simple\1.1.1\json-simple-1.1.1.jar;C:\Users\user\.m2\repository\org\apache\camel\camel-spring\3.2.0\camel-spring-3.2.0.jar;C:\Users\user\.m2\repository\org\apache\camel\camel-main\3.2.0\camel-main-3.2.0.jar;C:\Users\user\.m2\repository\org\apache\camel\camel-core-languages\3.2.0\camel-core-languages-3.2.0.jar;C:\Users\user\.m2\repository\org\apache\camel\camel-core-xml\3.2.0\camel-core-xml-3.2.0.jar;C:\Users\user\.m2\repository\org\springframework\spring-core\5.2.5.RELEASE\spring-core-5.2.5.RELEASE.jar;C:\Users\user\.m2\repository\org\springframework\spring-jcl\5.2.5.RELEASE\spring-jcl-5.2.5.RELEASE.jar;C:\Users\user\.m2\repository\org\springframework\spring-aop\5.2.5.RELEASE\spring-aop-5.2.5.RELEASE.jar;C:\Users\user\.m2\repository\org\springframework\spring-expression\5.2.5.RELEASE\spring-expression-5.2.5.RELEASE.jar;C:\Users\user\.m2\repository\org\apache\camel\camel-stream\3.2.0\camel-stream-3.2.0.jar;C:\Users\user\.m2\repository\org\apache\camel\camel-stub\3.2.0\camel-stub-3.2.0.jar;C:\Users\user\.m2\repository\org\apache\camel\camel-telegram\3.2.0\camel-telegram-3.2.0.jar;C:\Users\user\.m2\repository\org\apache\camel\camel-webhook\3.2.0\camel-webhook-3.2.0.jar;C:\Users\user\.m2\repository\org\asynchttpclient\async-http-client\2.11.0\async-http-client-2.11.0.jar;C:\Users\user\.m2\repository\org\asynchttpclient\async-http-client-netty-utils\2.11.0\async-http-client-netty-utils-2.11.0.jar;C:\Users\user\.m2\repository\io\netty\netty-codec-socks\4.1.46.Final\netty-codec-socks-4.1.46.Final.jar;C:\Users\user\.m2\repository\io\netty\netty-handler-proxy\4.1.46.Final\netty-handler-proxy-4.1.46.Final.jar;C:\Users\user\.m2\repository\org\reactivestreams\reactive-streams\1.0.3\reactive-streams-1.0.3.jar;C:\Users\user\.m2\repository\com\typesafe\netty\netty-reactive-streams\2.0.4\netty-reactive-streams-2.0.4.jar;C:\Users\user\.m2\repository\com\fasterxml\jackson\core\jackson-annotations\2.10.3\jackson-annotations-2.10.3.jar;C:\Users\user\.m2\repository\com\fasterxml\jackson\datatype\jackson-datatype-jsr310\2.10.3\jackson-datatype-jsr310-2.10.3.jar;C:\Users\user\.m2\repository\org\apache\camel\camel-timer\3.2.0\camel-timer-3.2.0.jar;C:\Users\user\.m2\repository\org\apache\camel\camel-vm\3.2.0\camel-vm-3.2.0.jar;C:\Users\user\.m2\repository\org\apache\camel\camel-saxon\3.2.0\camel-saxon-3.2.0.jar;C:\Users\user\.m2\repository\org\apache\activemq\activemq-broker\5.15.12\activemq-broker-5.15.12.jar;C:\Users\user\.m2\repository\org\apache\activemq\activemq-client\5.15.12\activemq-client-5.15.12.jar;C:\Users\user\.m2\repository\org\apache\geronimo\specs\geronimo-jms_1.1_spec\1.1.1\geronimo-jms_1.1_spec-1.1.1.jar;C:\Users\user\.m2\repository\org\fusesource\hawtbuf\hawtbuf\1.11\hawtbuf-1.11.jar;C:\Users\user\.m2\repository\org\apache\activemq\activemq-openwire-legacy\5.15.12\activemq-openwire-legacy-5.15.12.jar;C:\Users\user\.m2\repository\com\google\guava\guava\28.2-jre\guava-28.2-jre.jar;C:\Users\user\.m2\repository\com\google\guava\failureaccess\1.0.1\failureaccess-1.0.1.jar;C:\Users\user\.m2\repository\com\google\guava\listenablefuture\9999.0-empty-to-avoid-conflict-with-guava\listenablefuture-9999.0-empty-to-avoid-conflict-with-guava.jar;C:\Users\user\.m2\repository\com\google\code\findbugs\jsr305\3.0.2\jsr305-3.0.2.jar;C:\Users\user\.m2\repository\org\checkerframework\checker-qual\2.10.0\checker-qual-2.10.0.jar;C:\Users\user\.m2\repository\com\google\errorprone\error_prone_annotations\2.3.4\error_prone_annotations-2.3.4.jar;C:\Users\user\.m2\repository\com\google\j2objc\j2objc-annotations\1.3\j2objc-annotations-1.3.jar;C:\Users\user\.m2\repository\org\apache\activemq\activemq-camel\5.15.12\activemq-camel-5.15.12.jar;C:\Users\user\.m2\repository\org\apache\activemq\activemq-spring\5.15.12\activemq-spring-5.15.12.jar;C:\Users\user\.m2\repository\org\apache\xbean\xbean-spring\4.16\xbean-spring-4.16.jar;C:\Users\user\.m2\repository\org\apache\activemq\activemq-pool\5.15.12\activemq-pool-5.15.12.jar;C:\Users\user\.m2\repository\org\apache\activemq\activemq-jms-pool\5.15.12\activemq-jms-pool-5.15.12.jar;C:\Users\user\.m2\repository\org\apache\geronimo\specs\geronimo-jta_1.1_spec\1.1.1\geronimo-jta_1.1_spec-1.1.1.jar;C:\Users\user\.m2\repository\org\apache\commons\commons-pool2\2.8.0\commons-pool2-2.8.0.jar;C:\Users\user\.m2\repository\org\apache\activemq\activemq-kahadb-store\5.15.12\activemq-kahadb-store-5.15.12.jar;C:\Users\user\.m2\repository\org\apache\activemq\protobuf\activemq-protobuf\1.1\activemq-protobuf-1.1.jar;C:\Users\user\.m2\repository\org\apache\geronimo\specs\geronimo-j2ee-management_1.1_spec\1.0.1\geronimo-j2ee-management_1.1_spec-1.0.1.jar;C:\Users\user\.m2\repository\org\apache\activemq\artemis-server\2.12.0\artemis-server-2.12.0.jar;C:\Users\user\.m2\repository\org\jboss\logging\jboss-logging\3.4.0.Final\jboss-logging-3.4.0.Final.jar;C:\Users\user\.m2\repository\org\jboss\logmanager\jboss-logmanager\2.1.10.Final\jboss-logmanager-2.1.10.Final.jar;C:\Users\user\.m2\repository\org\wildfly\common\wildfly-common\1.5.1.Final\wildfly-common-1.5.1.Final.jar;C:\Users\user\.m2\repository\org\apache\activemq\artemis-selector\2.12.0\artemis-selector-2.12.0.jar;C:\Users\user\.m2\repository\org\apache\activemq\artemis-journal\2.12.0\artemis-journal-2.12.0.jar;C:\Users\user\.m2\repository\org\apache\activemq\artemis-jdbc-store\2.12.0\artemis-jdbc-store-2.12.0.jar;C:\Users\user\.m2\repository\org\apache\activemq\artemis-core-client\2.12.0\artemis-core-client-2.12.0.jar;C:\Users\user\.m2\repository\org\jgroups\jgroups\3.6.13.Final\jgroups-3.6.13.Final.jar;C:\Users\user\.m2\repository\org\apache\johnzon\johnzon-core\0.9.5\johnzon-core-0.9.5.jar;C:\Users\user\.m2\repository\org\apache\activemq\activemq-artemis-native\1.0.1\activemq-artemis-native-1.0.1.jar;C:\Users\user\.m2\repository\org\jctools\jctools-core\2.1.2\jctools-core-2.1.2.jar;C:\Users\user\.m2\repository\io\netty\netty-transport-native-epoll\4.1.48.Final\netty-transport-native-epoll-4.1.48.Final-linux-x86_64.jar;C:\Users\user\.m2\repository\io\netty\netty-transport-native-kqueue\4.1.48.Final\netty-transport-native-kqueue-4.1.48.Final-osx-x86_64.jar;C:\Users\user\.m2\repository\io\micrometer\micrometer-core\1.1.4\micrometer-core-1.1.4.jar;C:\Users\user\.m2\repository\org\hdrhistogram\HdrHistogram\2.1.9\HdrHistogram-2.1.9.jar;C:\Users\user\.m2\repository\org\latencyutils\LatencyUtils\2.0.3\LatencyUtils-2.0.3.jar;C:\Users\user\.m2\repository\org\apache\geronimo\specs\geronimo-json_1.0_spec\1.0-alpha-1\geronimo-json_1.0_spec-1.0-alpha-1.jar;C:\Users\user\.m2\repository\org\apache\activemq\artemis-commons\2.12.0\artemis-commons-2.12.0.jar;C:\Users\user\.m2\repository\org\apache\activemq\artemis-jms-client-all\2.12.0\artemis-jms-client-all-2.12.0.jar;C:\Users\user\.m2\repository\com\progress\sonic\mq\sonic_Client\8.6.0\sonic_Client-8.6.0.jar;C:\Users\user\.m2\repository\com\progress\sonic\mq\sonic_Crypto\8.6.0\sonic_Crypto-8.6.0.jar;C:\Users\user\.m2\repository\com\progress\sonic\mq\sonic_XMessage\8.6.0\sonic_XMessage-8.6.0.jar;C:\Users\user\.m2\repository\org\jolokia\jolokia-core\1.6.2\jolokia-core-1.6.2.jar;C:\Users\user\.m2\repository\org\jolokia\jolokia-jvm\1.6.2\jolokia-jvm-1.6.2.jar;C:\Program Files\Java\jdk1.8.0_144\jre\..\lib\tools.jar;C:\Users\user\.m2\repository\org\jolokia\jolokia-client-java\1.6.2\jolokia-client-java-1.6.2.jar;C:\Users\user\.m2\repository\org\apache\httpcomponents\httpcore\4.4.7\httpcore-4.4.7.jar;C:\Users\user\.m2\repository\org\apache\httpcomponents\httpclient-osgi\4.5.3\httpclient-osgi-4.5.3.jar;C:\Users\user\.m2\repository\org\apache\commons\commons-configuration2\2.7\commons-configuration2-2.7.jar;C:\Users\user\.m2\repository\org\apache\commons\commons-lang3\3.9\commons-lang3-3.9.jar;C:\Users\user\.m2\repository\commons-logging\commons-logging\1.2\commons-logging-1.2.jar;C:\Users\user\.m2\repository\commons-cli\commons-cli\1.4\commons-cli-1.4.jar;C:\Users\user\.m2\repository\commons-collections\commons-collections\3.2.2\commons-collections-3.2.2.jar;C:\Users\user\.m2\repository\commons-jxpath\commons-jxpath\1.3\commons-jxpath-1.3.jar;C:\Users\user\.m2\repository\commons-dbcp\commons-dbcp\1.4\commons-dbcp-1.4.jar;C:\Users\user\.m2\repository\commons-beanutils\commons-beanutils\1.9.4\commons-beanutils-1.9.4.jar;C:\Users\user\.m2\repository\org\apache\httpcomponents\httpclient\4.5.12\httpclient-4.5.12.jar;C:\Users\user\.m2\repository\commons-codec\commons-codec\1.11\commons-codec-1.11.jar;C:\Users\user\.m2\repository\javax\servlet\javax.servlet-api\3.1.0\javax.servlet-api-3.1.0.jar;C:\Users\user\.m2\repository\javax\json\javax.json-api\1.1.4\javax.json-api-1.1.4.jar;C:\Users\user\.m2\repository\aopalliance\aopalliance\1.0\aopalliance-1.0.jar;C:\Users\user\.m2\repository\ch\qos\logback\logback-classic\1.2.3\logback-classic-1.2.3.jar;C:\Users\user\.m2\repository\ch\qos\logback\logback-core\1.2.3\logback-core-1.2.3.jar;C:\Users\user\.m2\repository\io\github\assimbly\docconverter\1.3.0\docconverter-1.3.0.jar;C:\Users\user\.m2\repository\com\opencsv\opencsv\5.1\opencsv-5.1.jar;C:\Users\user\.m2\repository\org\apache\commons\commons-collections4\4.4\commons-collections4-4.4.jar;C:\Users\user\.m2\repository\com\thoughtworks\xstream\xstream\1.4.11.1\xstream-1.4.11.1.jar;C:\Users\user\.m2\repository\xmlpull\xmlpull\1.1.3.1\xmlpull-1.1.3.1.jar;C:\Users\user\.m2\repository\xpp3\xpp3_min\1.1.4c\xpp3_min-1.1.4c.jar;C:\Users\user\.m2\repository\org\simpleflatmapper\sfm-csv\8.2.1\sfm-csv-8.2.1.jar;C:\Users\user\.m2\repository\org\simpleflatmapper\lightning-csv\8.2.1\lightning-csv-8.2.1.jar;C:\Users\user\.m2\repository\org\simpleflatmapper\ow2-asm\6.2\ow2-asm-6.2.jar;C:\Users\user\.m2\repository\org\simpleflatmapper\sfm-util\8.2.1\sfm-util-8.2.1.jar;C:\Users\user\.m2\repository\org\simpleflatmapper\sfm-map\8.2.1\sfm-map-8.2.1.jar;C:\Users\user\.m2\repository\org\simpleflatmapper\sfm-reflect\8.2.1\sfm-reflect-8.2.1.jar;C:\Users\user\.m2\repository\org\simpleflatmapper\sfm-converter\8.2.1\sfm-converter-8.2.1.jar;C:\Users\user\.m2\repository\org\simpleflatmapper\sfm-tuples\8.2.1\sfm-tuples-8.2.1.jar;C:\Users\user\.m2\repository\com\univocity\univocity-parsers\2.8.4\univocity-parsers-2.8.4.jar;C:\Users\user\.m2\repository\org\json\json\20190722\json-20190722.jar;C:\Users\user\.m2\repository\com\fasterxml\jackson\dataformat\jackson-dataformat-csv\2.10.3\jackson-dataformat-csv-2.10.3.jar;C:\Users\user\.m2\repository\com\fasterxml\jackson\dataformat\jackson-dataformat-yaml\2.10.3\jackson-dataformat-yaml-2.10.3.jar;C:\Users\user\.m2\repository\org\yaml\snakeyaml\1.24\snakeyaml-1.24.jar;C:\Users\user\.m2\repository\mysql\mysql-connector-java\8.0.20\mysql-connector-java-8.0.20.jar;C:\Users\user\.m2\repository\com\google\protobuf\protobuf-java\3.6.1\protobuf-java-3.6.1.jar;C:\Users\user\.m2\repository\org\postgresql\postgresql\42.2.12\postgresql-42.2.12.jar;C:\Users\user\.m2\repository\com\microsoft\sqlserver\mssql-jdbc\8.2.2.jre8\mssql-jdbc-8.2.2.jre8.jar;C:\Users\user\.m2\repository\com\oracle\jdbc\ojdbc8\18.3.0.0\ojdbc8-18.3.0.0.jar;C:\Users\user\.m2\repository\com\oracle\jdbc\ucp\18.3.0.0\ucp-18.3.0.0.jar;C:\Users\user\.m2\repository\javax\xml\soap\javax.xml.soap-api\1.4.0\javax.xml.soap-api-1.4.0.jar;C:\Users\user\.m2\repository\javax\xml\bind\jaxb-api\2.3.1\jaxb-api-2.3.1.jar;C:\Users\user\.m2\repository\javax\activation\javax.activation-api\1.2.0\javax.activation-api-1.2.0.jar;C:\Users\user\.m2\repository\com\sun\xml\bind\jaxb-core\2.3.0.1\jaxb-core-2.3.0.1.jar;C:\Users\user\.m2\repository\com\sun\xml\bind\jaxb-impl\2.3.2\jaxb-impl-2.3.2.jar;C:\Users\user\.m2\repository\dev\jeka\jeka-core\0.8.20.RELEASE\jeka-core-0.8.20.RELEASE.jar;C:\Users\user\.m2\repository\junit\junit\4.13\junit-4.13.jar;C:\Users\user\.m2\repository\org\hamcrest\hamcrest-core\1.3\hamcrest-core-1.3.jar;C:\Users\user\.m2\repository\org\mockito\mockito-core\2.28.2\mockito-core-2.28.2.jar;C:\Users\user\.m2\repository\net\bytebuddy\byte-buddy\1.9.10\byte-buddy-1.9.10.jar;C:\Users\user\.m2\repository\net\bytebuddy\byte-buddy-agent\1.9.10\byte-buddy-agent-1.9.10.jar;C:\Users\user\.m2\repository\org\objenesis\objenesis\2.6\objenesis-2.6.jar;C:\Users\user\.m2\repository\org\codehaus\groovy\groovy-test\2.5.4\groovy-test-2.5.4.jar;C:\Users\user\.m2\repository\org\codehaus\groovy\groovy\2.5.4\groovy-2.5.4.jar;"/>
    <property name="java.vm.vendor" value="Oracle Corporation"/>
    <property name="sun.arch.data.model" value="64"/>
    <property name="user.variant" value=""/>
    <property name="java.vendor.url" value="http://java.oracle.com/"/>
    <property name="user.timezone" value="Europe/Berlin"/>
    <property name="user.country.format" value="NL"/>
    <property name="java.vm.specification.version" value="1.8"/>
    <property name="os.name" value="Windows 8.1"/>
    <property name="user.country" value="US"/>
    <property name="sun.java.launcher" value="SUN_STANDARD"/>
    <property name="sun.boot.library.path" value="C:\Program Files\Java\jdk1.8.0_144\jre\bin"/>
    <property name="sun.java.command" value="C:\Users\user\AppData\Local\Temp\surefire448544264798511602\surefirebooter1923376360643723083.jar C:\Users\user\AppData\Local\Temp\surefire448544264798511602 2020-05-12T15-32-29_274-jvmRun1 surefire5769396297930307603tmp surefire_05012858821632070847tmp"/>
    <property name="surefire.test.class.path" value="C:\Users\user\git\producewithcamel\nifi-producewithcamel-processors\target\test-classes;C:\Users\user\git\producewithcamel\nifi-producewithcamel-processors\target\classes;C:\Users\user\.m2\repository\org\apache\nifi\nifi-api\1.11.4\nifi-api-1.11.4.jar;C:\Users\user\.m2\repository\org\apache\nifi\nifi-utils\1.11.4\nifi-utils-1.11.4.jar;C:\Users\user\.m2\repository\org\apache\nifi\nifi-mock\1.11.4\nifi-mock-1.11.4.jar;C:\Users\user\.m2\repository\org\apache\nifi\nifi-framework-api\1.11.4\nifi-framework-api-1.11.4.jar;C:\Users\user\.m2\repository\org\apache\nifi\nifi-parameter\1.11.4\nifi-parameter-1.11.4.jar;C:\Users\user\.m2\repository\org\apache\nifi\nifi-expression-language\1.11.4\nifi-expression-language-1.11.4.jar;C:\Users\user\.m2\repository\org\antlr\antlr-runtime\3.5.2\antlr-runtime-3.5.2.jar;C:\Users\user\.m2\repository\com\jayway\jsonpath\json-path\2.4.0\json-path-2.4.0.jar;C:\Users\user\.m2\repository\com\fasterxml\jackson\core\jackson-databind\2.9.10.3\jackson-databind-2.9.10.3.jar;C:\Users\user\.m2\repository\com\fasterxml\jackson\core\jackson-core\2.9.10\jackson-core-2.9.10.jar;C:\Users\user\.m2\repository\org\apache\commons\commons-text\1.8\commons-text-1.8.jar;C:\Users\user\.m2\repository\org\apache\nifi\nifi-data-provenance-utils\1.11.4\nifi-data-provenance-utils-1.11.4.jar;C:\Users\user\.m2\repository\org\apache\nifi\nifi-security-utils\1.11.4\nifi-security-utils-1.11.4.jar;C:\Users\user\.m2\repository\org\bouncycastle\bcpkix-jdk15on\1.61\bcpkix-jdk15on-1.61.jar;C:\Users\user\.m2\repository\de\svenkubiak\jBCrypt\0.4.1\jBCrypt-0.4.1.jar;C:\Users\user\.m2\repository\org\bouncycastle\bcprov-jdk15on\1.61\bcprov-jdk15on-1.61.jar;C:\Users\user\.m2\repository\org\apache\nifi\nifi-properties-loader\1.11.4\nifi-properties-loader-1.11.4.jar;C:\Users\user\.m2\repository\org\apache\nifi\nifi-properties\1.11.4\nifi-properties-1.11.4.jar;C:\Users\user\.m2\repository\org\slf4j\slf4j-simple\1.7.30\slf4j-simple-1.7.30.jar;C:\Users\user\.m2\repository\org\slf4j\slf4j-api\1.7.30\slf4j-api-1.7.30.jar;C:\Users\user\.m2\repository\commons-io\commons-io\2.6\commons-io-2.6.jar;C:\Users\user\.m2\repository\org\assimbly\connector\3.0.0\connector-3.0.0.jar;C:\Users\user\.m2\repository\org\apache\camel\camel-api\3.2.0\camel-api-3.2.0.jar;C:\Users\user\.m2\repository\org\apache\camel\camel-base\3.2.0\camel-base-3.2.0.jar;C:\Users\user\.m2\repository\org\apache\camel\camel-bean\3.2.0\camel-bean-3.2.0.jar;C:\Users\user\.m2\repository\org\apache\camel\camel-browse\3.2.0\camel-browse-3.2.0.jar;C:\Users\user\.m2\repository\org\apache\camel\camel-caffeine-lrucache\3.2.0\camel-caffeine-lrucache-3.2.0.jar;C:\Users\user\.m2\repository\com\github\ben-manes\caffeine\caffeine\2.8.1\caffeine-2.8.1.jar;C:\Users\user\.m2\repository\org\apache\camel\camel-catalog\3.2.0\camel-catalog-3.2.0.jar;C:\Users\user\.m2\repository\org\apache\camel\camel-tooling-model\3.2.0\camel-tooling-model-3.2.0.jar;C:\Users\user\.m2\repository\org\apache\camel\camel-cloud\3.2.0\camel-cloud-3.2.0.jar;C:\Users\user\.m2\repository\org\apache\camel\camel-controlbus\3.2.0\camel-controlbus-3.2.0.jar;C:\Users\user\.m2\repository\org\apache\camel\camel-core-engine\3.2.0\camel-core-engine-3.2.0.jar;C:\Users\user\.m2\repository\org\apache\camel\camel-core-catalog\3.1.0\camel-core-catalog-3.1.0.jar;C:\Users\user\.m2\repository\org\apache\camel\camel-dataformat\3.2.0\camel-dataformat-3.2.0.jar;C:\Users\user\.m2\repository\org\apache\camel\camel-dataset\3.2.0\camel-dataset-3.2.0.jar;C:\Users\user\.m2\repository\org\apache\camel\camel-groovy\3.2.0\camel-groovy-3.2.0.jar;C:\Users\user\.m2\repository\org\apache\camel\camel-jsonpath\3.2.0\camel-jsonpath-3.2.0.jar;C:\Users\user\.m2\repository\net\minidev\json-smart\2.3\json-smart-2.3.jar;C:\Users\user\.m2\repository\net\minidev\accessors-smart\1.2\accessors-smart-1.2.jar;C:\Users\user\.m2\repository\org\apache\camel\camel-management\3.2.0\camel-management-3.2.0.jar;C:\Users\user\.m2\repository\org\apache\camel\camel-management-api\3.2.0\camel-management-api-3.2.0.jar;C:\Users\user\.m2\repository\org\apache\camel\camel-metrics\3.2.0\camel-metrics-3.2.0.jar;C:\Users\user\.m2\repository\io\dropwizard\metrics\metrics-core\4.1.5\metrics-core-4.1.5.jar;C:\Users\user\.m2\repository\io\dropwizard\metrics\metrics-jmx\4.1.5\metrics-jmx-4.1.5.jar;C:\Users\user\.m2\repository\io\dropwizard\metrics\metrics-json\4.1.5\metrics-json-4.1.5.jar;C:\Users\user\.m2\repository\org\apache\camel\camel-support\3.2.0\camel-support-3.2.0.jar;C:\Users\user\.m2\repository\org\apache\camel\camel-util\3.2.0\camel-util-3.2.0.jar;C:\Users\user\.m2\repository\org\apache\camel\camel-util-json\3.2.0\camel-util-json-3.2.0.jar;C:\Users\user\.m2\repository\org\apache\camel\camel-validator\3.2.0\camel-validator-3.2.0.jar;C:\Users\user\.m2\repository\org\apache\camel\camel-xml-jaxp\3.2.0\camel-xml-jaxp-3.2.0.jar;C:\Users\user\.m2\repository\org\apache\camel\camel-xpath\3.2.0\camel-xpath-3.2.0.jar;C:\Users\user\.m2\repository\org\apache\camel\camel-xslt\3.2.0\camel-xslt-3.2.0.jar;C:\Users\user\.m2\repository\org\apache\camel\camel-xml-jaxb\3.2.0\camel-xml-jaxb-3.2.0.jar;C:\Users\user\.m2\repository\jakarta\xml\bind\jakarta.xml.bind-api\2.3.2\jakarta.xml.bind-api-2.3.2.jar;C:\Users\user\.m2\repository\jakarta\activation\jakarta.activation-api\1.2.1\jakarta.activation-api-1.2.1.jar;C:\Users\user\.m2\repository\org\apache\camel\camel-xslt-saxon\3.2.0\camel-xslt-saxon-3.2.0.jar;C:\Users\user\.m2\repository\net\sf\saxon\Saxon-HE\9.9.1-6\Saxon-HE-9.9.1-6.jar;C:\Users\user\.m2\repository\org\apache\camel\camel-amqp\3.2.0\camel-amqp-3.2.0.jar;C:\Users\user\.m2\repository\org\apache\qpid\qpid-jms-client\0.50.0\qpid-jms-client-0.50.0.jar;C:\Users\user\.m2\repository\org\apache\qpid\proton-j\0.33.3\proton-j-0.33.3.jar;C:\Users\user\.m2\repository\io\netty\netty-buffer\4.1.48.Final\netty-buffer-4.1.48.Final.jar;C:\Users\user\.m2\repository\io\netty\netty-common\4.1.48.Final\netty-common-4.1.48.Final.jar;C:\Users\user\.m2\repository\io\netty\netty-handler\4.1.48.Final\netty-handler-4.1.48.Final.jar;C:\Users\user\.m2\repository\io\netty\netty-transport\4.1.48.Final\netty-transport-4.1.48.Final.jar;C:\Users\user\.m2\repository\io\netty\netty-codec-http\4.1.48.Final\netty-codec-http-4.1.48.Final.jar;C:\Users\user\.m2\repository\org\apache\camel\camel-as2\3.2.0\camel-as2-3.2.0.jar;C:\Users\user\.m2\repository\org\apache\camel\camel-as2-api\3.2.0\camel-as2-api-3.2.0.jar;C:\Users\user\.m2\repository\org\apache\httpcomponents\httpmime\4.5.12\httpmime-4.5.12.jar;C:\Users\user\.m2\repository\org\bouncycastle\bcprov-debug-jdk15on\1.64\bcprov-debug-jdk15on-1.64.jar;C:\Users\user\.m2\repository\org\apache\velocity\velocity-engine-core\2.1\velocity-engine-core-2.1.jar;C:\Users\user\.m2\repository\org\apache\logging\log4j\log4j-api\2.13.1\log4j-api-2.13.1.jar;C:\Users\user\.m2\repository\org\apache\logging\log4j\log4j-core\2.13.1\log4j-core-2.13.1.jar;C:\Users\user\.m2\repository\org\apache\logging\log4j\log4j-slf4j-impl\2.13.1\log4j-slf4j-impl-2.13.1.jar;C:\Users\user\.m2\repository\org\apache\camel\camel-aws-s3\3.2.0\camel-aws-s3-3.2.0.jar;C:\Users\user\.m2\repository\com\amazonaws\aws-java-sdk-s3\1.11.714\aws-java-sdk-s3-1.11.714.jar;C:\Users\user\.m2\repository\com\amazonaws\aws-java-sdk-kms\1.11.714\aws-java-sdk-kms-1.11.714.jar;C:\Users\user\.m2\repository\com\amazonaws\aws-java-sdk-core\1.11.714\aws-java-sdk-core-1.11.714.jar;C:\Users\user\.m2\repository\software\amazon\ion\ion-java\1.0.2\ion-java-1.0.2.jar;C:\Users\user\.m2\repository\com\fasterxml\jackson\dataformat\jackson-dataformat-cbor\2.6.7\jackson-dataformat-cbor-2.6.7.jar;C:\Users\user\.m2\repository\joda-time\joda-time\2.8.1\joda-time-2.8.1.jar;C:\Users\user\.m2\repository\com\amazonaws\jmespath-java\1.11.714\jmespath-java-1.11.714.jar;C:\Users\user\.m2\repository\org\apache\camel\camel-cxf\3.2.0\camel-cxf-3.2.0.jar;C:\Users\user\.m2\repository\org\apache\camel\camel-attachments\3.2.0\camel-attachments-3.2.0.jar;C:\Users\user\.m2\repository\com\sun\activation\javax.activation\1.2.0\javax.activation-1.2.0.jar;C:\Users\user\.m2\repository\org\apache\camel\camel-cxf-transport\3.2.0\camel-cxf-transport-3.2.0.jar;C:\Users\user\.m2\repository\org\apache\camel\camel-http-base\3.2.0\camel-http-base-3.2.0.jar;C:\Users\user\.m2\repository\org\apache\cxf\cxf-rt-frontend-jaxrs\3.3.6\cxf-rt-frontend-jaxrs-3.3.6.jar;C:\Users\user\.m2\repository\org\apache\cxf\cxf-core\3.3.6\cxf-core-3.3.6.jar;C:\Users\user\.m2\repository\org\glassfish\jaxb\jaxb-runtime\2.3.2\jaxb-runtime-2.3.2.jar;C:\Users\user\.m2\repository\org\glassfish\jaxb\txw2\2.3.2\txw2-2.3.2.jar;C:\Users\user\.m2\repository\com\sun\istack\istack-commons-runtime\3.0.8\istack-commons-runtime-3.0.8.jar;C:\Users\user\.m2\repository\org\jvnet\staxex\stax-ex\1.8.1\stax-ex-1.8.1.jar;C:\Users\user\.m2\repository\com\sun\xml\fastinfoset\FastInfoset\1.2.16\FastInfoset-1.2.16.jar;C:\Users\user\.m2\repository\com\fasterxml\woodstox\woodstox-core\5.0.3\woodstox-core-5.0.3.jar;C:\Users\user\.m2\repository\org\codehaus\woodstox\stax2-api\3.1.4\stax2-api-3.1.4.jar;C:\Users\user\.m2\repository\org\apache\ws\xmlschema\xmlschema-core\2.2.5\xmlschema-core-2.2.5.jar;C:\Users\user\.m2\repository\jakarta\ws\rs\jakarta.ws.rs-api\2.1.5\jakarta.ws.rs-api-2.1.5.jar;C:\Users\user\.m2\repository\javax\annotation\javax.annotation-api\1.3.2\javax.annotation-api-1.3.2.jar;C:\Users\user\.m2\repository\org\apache\cxf\cxf-rt-transports-http\3.3.6\cxf-rt-transports-http-3.3.6.jar;C:\Users\user\.m2\repository\org\apache\cxf\cxf-rt-security\3.3.6\cxf-rt-security-3.3.6.jar;C:\Users\user\.m2\repository\org\apache\cxf\cxf-rt-frontend-jaxws\3.3.6\cxf-rt-frontend-jaxws-3.3.6.jar;C:\Users\user\.m2\repository\xml-resolver\xml-resolver\1.2\xml-resolver-1.2.jar;C:\Users\user\.m2\repository\org\ow2\asm\asm\7.1\asm-7.1.jar;C:\Users\user\.m2\repository\org\apache\cxf\cxf-rt-bindings-xml\3.3.6\cxf-rt-bindings-xml-3.3.6.jar;C:\Users\user\.m2\repository\org\apache\cxf\cxf-rt-frontend-simple\3.3.6\cxf-rt-frontend-simple-3.3.6.jar;C:\Users\user\.m2\repository\org\apache\cxf\cxf-rt-ws-addr\3.3.6\cxf-rt-ws-addr-3.3.6.jar;C:\Users\user\.m2\repository\org\apache\cxf\cxf-rt-ws-policy\3.3.6\cxf-rt-ws-policy-3.3.6.jar;C:\Users\user\.m2\repository\org\apache\neethi\neethi\3.1.1\neethi-3.1.1.jar;C:\Users\user\.m2\repository\org\apache\cxf\cxf-rt-rs-client\3.3.6\cxf-rt-rs-client-3.3.6.jar;C:\Users\user\.m2\repository\org\apache\cxf\cxf-rt-features-logging\3.3.6\cxf-rt-features-logging-3.3.6.jar;C:\Users\user\.m2\repository\org\springframework\spring-beans\5.2.5.RELEASE\spring-beans-5.2.5.RELEASE.jar;C:\Users\user\.m2\repository\org\springframework\spring-context\5.2.5.RELEASE\spring-context-5.2.5.RELEASE.jar;C:\Users\user\.m2\repository\org\apache\cxf\cxf-rt-bindings-soap\3.3.6\cxf-rt-bindings-soap-3.3.6.jar;C:\Users\user\.m2\repository\org\apache\cxf\cxf-rt-wsdl\3.3.6\cxf-rt-wsdl-3.3.6.jar;C:\Users\user\.m2\repository\wsdl4j\wsdl4j\1.6.3\wsdl4j-1.6.3.jar;C:\Users\user\.m2\repository\org\apache\cxf\cxf-rt-databinding-jaxb\3.3.6\cxf-rt-databinding-jaxb-3.3.6.jar;C:\Users\user\.m2\repository\org\apache\camel\camel-direct\3.2.0\camel-direct-3.2.0.jar;C:\Users\user\.m2\repository\org\apache\camel\camel-directvm\3.2.0\camel-directvm-3.2.0.jar;C:\Users\user\.m2\repository\org\apache\camel\camel-elasticsearch-rest\3.2.0\camel-elasticsearch-rest-3.2.0.jar;C:\Users\user\.m2\repository\org\elasticsearch\client\elasticsearch-rest-high-level-client\7.3.2\elasticsearch-rest-high-level-client-7.3.2.jar;C:\Users\user\.m2\repository\org\elasticsearch\elasticsearch\7.3.2\elasticsearch-7.3.2.jar;C:\Users\user\.m2\repository\org\elasticsearch\elasticsearch-core\7.3.2\elasticsearch-core-7.3.2.jar;C:\Users\user\.m2\repository\org\elasticsearch\elasticsearch-secure-sm\7.3.2\elasticsearch-secure-sm-7.3.2.jar;C:\Users\user\.m2\repository\org\elasticsearch\elasticsearch-x-content\7.3.2\elasticsearch-x-content-7.3.2.jar;C:\Users\user\.m2\repository\com\fasterxml\jackson\dataformat\jackson-dataformat-smile\2.8.11\jackson-dataformat-smile-2.8.11.jar;C:\Users\user\.m2\repository\org\elasticsearch\elasticsearch-geo\7.3.2\elasticsearch-geo-7.3.2.jar;C:\Users\user\.m2\repository\org\apache\lucene\lucene-core\8.1.0\lucene-core-8.1.0.jar;C:\Users\user\.m2\repository\org\apache\lucene\lucene-analyzers-common\8.1.0\lucene-analyzers-common-8.1.0.jar;C:\Users\user\.m2\repository\org\apache\lucene\lucene-backward-codecs\8.1.0\lucene-backward-codecs-8.1.0.jar;C:\Users\user\.m2\repository\org\apache\lucene\lucene-grouping\8.1.0\lucene-grouping-8.1.0.jar;C:\Users\user\.m2\repository\org\apache\lucene\lucene-highlighter\8.1.0\lucene-highlighter-8.1.0.jar;C:\Users\user\.m2\repository\org\apache\lucene\lucene-join\8.1.0\lucene-join-8.1.0.jar;C:\Users\user\.m2\repository\org\apache\lucene\lucene-memory\8.1.0\lucene-memory-8.1.0.jar;C:\Users\user\.m2\repository\org\apache\lucene\lucene-misc\8.1.0\lucene-misc-8.1.0.jar;C:\Users\user\.m2\repository\org\apache\lucene\lucene-queries\8.1.0\lucene-queries-8.1.0.jar;C:\Users\user\.m2\repository\org\apache\lucene\lucene-queryparser\8.1.0\lucene-queryparser-8.1.0.jar;C:\Users\user\.m2\repository\org\apache\lucene\lucene-sandbox\8.1.0\lucene-sandbox-8.1.0.jar;C:\Users\user\.m2\repository\org\apache\lucene\lucene-spatial\8.1.0\lucene-spatial-8.1.0.jar;C:\Users\user\.m2\repository\org\apache\lucene\lucene-spatial-extras\8.1.0\lucene-spatial-extras-8.1.0.jar;C:\Users\user\.m2\repository\org\apache\lucene\lucene-spatial3d\8.1.0\lucene-spatial3d-8.1.0.jar;C:\Users\user\.m2\repository\org\apache\lucene\lucene-suggest\8.1.0\lucene-suggest-8.1.0.jar;C:\Users\user\.m2\repository\org\elasticsearch\elasticsearch-cli\7.3.2\elasticsearch-cli-7.3.2.jar;C:\Users\user\.m2\repository\net\sf\jopt-simple\jopt-simple\5.0.2\jopt-simple-5.0.2.jar;C:\Users\user\.m2\repository\com\carrotsearch\hppc\0.8.1\hppc-0.8.1.jar;C:\Users\user\.m2\repository\com\tdunning\t-digest\3.2\t-digest-3.2.jar;C:\Users\user\.m2\repository\org\elasticsearch\jna\4.5.1\jna-4.5.1.jar;C:\Users\user\.m2\repository\org\elasticsearch\client\elasticsearch-rest-client\7.3.2\elasticsearch-rest-client-7.3.2.jar;C:\Users\user\.m2\repository\org\apache\httpcomponents\httpasyncclient\4.1.4\httpasyncclient-4.1.4.jar;C:\Users\user\.m2\repository\org\apache\httpcomponents\httpcore-nio\4.4.11\httpcore-nio-4.4.11.jar;C:\Users\user\.m2\repository\org\elasticsearch\plugin\parent-join-client\7.3.2\parent-join-client-7.3.2.jar;C:\Users\user\.m2\repository\org\elasticsearch\plugin\aggs-matrix-stats-client\7.3.2\aggs-matrix-stats-client-7.3.2.jar;C:\Users\user\.m2\repository\org\elasticsearch\plugin\rank-eval-client\7.3.2\rank-eval-client-7.3.2.jar;C:\Users\user\.m2\repository\org\elasticsearch\plugin\lang-mustache-client\7.3.2\lang-mustache-client-7.3.2.jar;C:\Users\user\.m2\repository\com\github\spullara\mustache\java\compiler\0.9.3\compiler-0.9.3.jar;C:\Users\user\.m2\repository\org\elasticsearch\client\elasticsearch-rest-client-sniffer\7.3.2\elasticsearch-rest-client-sniffer-7.3.2.jar;C:\Users\user\.m2\repository\org\apache\camel\camel-file\3.2.0\camel-file-3.2.0.jar;C:\Users\user\.m2\repository\org\apache\camel\camel-cluster\3.2.0\camel-cluster-3.2.0.jar;C:\Users\user\.m2\repository\org\apache\camel\camel-ftp\3.2.0\camel-ftp-3.2.0.jar;C:\Users\user\.m2\repository\com\jcraft\jsch\0.1.55\jsch-0.1.55.jar;C:\Users\user\.m2\repository\commons-net\commons-net\3.6\commons-net-3.6.jar;C:\Users\user\.m2\repository\org\apache\camel\camel-http\3.2.0\camel-http-3.2.0.jar;C:\Users\user\.m2\repository\org\apache\camel\camel-http-common\3.2.0\camel-http-common-3.2.0.jar;C:\Users\user\.m2\repository\org\apache\camel\camel-jdbc\3.2.0\camel-jdbc-3.2.0.jar;C:\Users\user\.m2\repository\org\springframework\spring-jdbc\5.2.5.RELEASE\spring-jdbc-5.2.5.RELEASE.jar;C:\Users\user\.m2\repository\org\apache\camel\camel-jetty\3.2.0\camel-jetty-3.2.0.jar;C:\Users\user\.m2\repository\org\eclipse\jetty\jetty-server\9.4.19.v20190610\jetty-server-9.4.19.v20190610.jar;C:\Users\user\.m2\repository\org\eclipse\jetty\jetty-http\9.4.19.v20190610\jetty-http-9.4.19.v20190610.jar;C:\Users\user\.m2\repository\org\eclipse\jetty\jetty-io\9.4.19.v20190610\jetty-io-9.4.19.v20190610.jar;C:\Users\user\.m2\repository\org\eclipse\jetty\jetty-servlet\9.4.19.v20190610\jetty-servlet-9.4.19.v20190610.jar;C:\Users\user\.m2\repository\org\eclipse\jetty\jetty-security\9.4.22.v20191022\jetty-security-9.4.22.v20191022.jar;C:\Users\user\.m2\repository\org\eclipse\jetty\jetty-servlets\9.4.19.v20190610\jetty-servlets-9.4.19.v20190610.jar;C:\Users\user\.m2\repository\org\eclipse\jetty\jetty-continuation\9.4.19.v20190610\jetty-continuation-9.4.19.v20190610.jar;C:\Users\user\.m2\repository\org\eclipse\jetty\jetty-client\9.4.22.v20191022\jetty-client-9.4.22.v20191022.jar;C:\Users\user\.m2\repository\org\eclipse\jetty\jetty-jmx\9.4.22.v20191022\jetty-jmx-9.4.22.v20191022.jar;C:\Users\user\.m2\repository\org\eclipse\jetty\jetty-util\9.4.22.v20191022\jetty-util-9.4.22.v20191022.jar;C:\Users\user\.m2\repository\org\apache\camel\camel-jetty-common\3.2.0\camel-jetty-common-3.2.0.jar;C:\Users\user\.m2\repository\org\apache\camel\camel-jms\3.2.0\camel-jms-3.2.0.jar;C:\Users\user\.m2\repository\org\springframework\spring-jms\5.2.5.RELEASE\spring-jms-5.2.5.RELEASE.jar;C:\Users\user\.m2\repository\org\springframework\spring-messaging\5.2.5.RELEASE\spring-messaging-5.2.5.RELEASE.jar;C:\Users\user\.m2\repository\org\springframework\spring-tx\5.2.5.RELEASE\spring-tx-5.2.5.RELEASE.jar;C:\Users\user\.m2\repository\org\apache\geronimo\specs\geronimo-jms_2.0_spec\1.0-alpha-2\geronimo-jms_2.0_spec-1.0-alpha-2.jar;C:\Users\user\.m2\repository\org\apache\camel\camel-kafka\3.2.0\camel-kafka-3.2.0.jar;C:\Users\user\.m2\repository\org\apache\kafka\kafka-clients\2.4.0\kafka-clients-2.4.0.jar;C:\Users\user\.m2\repository\com\github\luben\zstd-jni\1.4.3-1\zstd-jni-1.4.3-1.jar;C:\Users\user\.m2\repository\org\lz4\lz4-java\1.6.0\lz4-java-1.6.0.jar;C:\Users\user\.m2\repository\org\xerial\snappy\snappy-java\1.1.7.3\snappy-java-1.1.7.3.jar;C:\Users\user\.m2\repository\org\apache\camel\camel-language\3.2.0\camel-language-3.2.0.jar;C:\Users\user\.m2\repository\org\apache\camel\camel-ldap\3.2.0\camel-ldap-3.2.0.jar;C:\Users\user\.m2\repository\org\apache\camel\camel-log\3.2.0\camel-log-3.2.0.jar;C:\Users\user\.m2\repository\org\apache\camel\camel-mail\3.2.0\camel-mail-3.2.0.jar;C:\Users\user\.m2\repository\com\sun\mail\jakarta.mail\1.6.5\jakarta.mail-1.6.5.jar;C:\Users\user\.m2\repository\org\apache\camel\camel-mock\3.2.0\camel-mock-3.2.0.jar;C:\Users\user\.m2\repository\org\apache\camel\camel-netty\3.2.0\camel-netty-3.2.0.jar;C:\Users\user\.m2\repository\io\netty\netty-codec\4.1.48.Final\netty-codec-4.1.48.Final.jar;C:\Users\user\.m2\repository\io\netty\netty-resolver\4.1.48.Final\netty-resolver-4.1.48.Final.jar;C:\Users\user\.m2\repository\io\netty\netty-transport-native-epoll\4.1.48.Final\netty-transport-native-epoll-4.1.48.Final.jar;C:\Users\user\.m2\repository\io\netty\netty-transport-native-unix-common\4.1.48.Final\netty-transport-native-unix-common-4.1.48.Final.jar;C:\Users\user\.m2\repository\commons-pool\commons-pool\1.6\commons-pool-1.6.jar;C:\Users\user\.m2\repository\org\apache\camel\camel-rabbitmq\3.2.0\camel-rabbitmq-3.2.0.jar;C:\Users\user\.m2\repository\com\rabbitmq\amqp-client\5.8.0\amqp-client-5.8.0.jar;C:\Users\user\.m2\repository\org\apache\camel\camel-ref\3.2.0\camel-ref-3.2.0.jar;C:\Users\user\.m2\repository\org\apache\camel\camel-rest\3.2.0\camel-rest-3.2.0.jar;C:\Users\user\.m2\repository\org\apache\camel\camel-saga\3.2.0\camel-saga-3.2.0.jar;C:\Users\user\.m2\repository\org\apache\camel\camel-scheduler\3.2.0\camel-scheduler-3.2.0.jar;C:\Users\user\.m2\repository\org\apache\camel\camel-seda\3.2.0\camel-seda-3.2.0.jar;C:\Users\user\.m2\repository\org\apache\camel\camel-sjms\3.2.0\camel-sjms-3.2.0.jar;C:\Users\user\.m2\repository\org\apache\camel\camel-sql\3.2.0\camel-sql-3.2.0.jar;C:\Users\user\.m2\repository\org\apache\camel\camel-slack\3.2.0\camel-slack-3.2.0.jar;C:\Users\user\.m2\repository\com\googlecode\json-simple\json-simple\1.1.1\json-simple-1.1.1.jar;C:\Users\user\.m2\repository\org\apache\camel\camel-spring\3.2.0\camel-spring-3.2.0.jar;C:\Users\user\.m2\repository\org\apache\camel\camel-main\3.2.0\camel-main-3.2.0.jar;C:\Users\user\.m2\repository\org\apache\camel\camel-core-languages\3.2.0\camel-core-languages-3.2.0.jar;C:\Users\user\.m2\repository\org\apache\camel\camel-core-xml\3.2.0\camel-core-xml-3.2.0.jar;C:\Users\user\.m2\repository\org\springframework\spring-core\5.2.5.RELEASE\spring-core-5.2.5.RELEASE.jar;C:\Users\user\.m2\repository\org\springframework\spring-jcl\5.2.5.RELEASE\spring-jcl-5.2.5.RELEASE.jar;C:\Users\user\.m2\repository\org\springframework\spring-aop\5.2.5.RELEASE\spring-aop-5.2.5.RELEASE.jar;C:\Users\user\.m2\repository\org\springframework\spring-expression\5.2.5.RELEASE\spring-expression-5.2.5.RELEASE.jar;C:\Users\user\.m2\repository\org\apache\camel\camel-stream\3.2.0\camel-stream-3.2.0.jar;C:\Users\user\.m2\repository\org\apache\camel\camel-stub\3.2.0\camel-stub-3.2.0.jar;C:\Users\user\.m2\repository\org\apache\camel\camel-telegram\3.2.0\camel-telegram-3.2.0.jar;C:\Users\user\.m2\repository\org\apache\camel\camel-webhook\3.2.0\camel-webhook-3.2.0.jar;C:\Users\user\.m2\repository\org\asynchttpclient\async-http-client\2.11.0\async-http-client-2.11.0.jar;C:\Users\user\.m2\repository\org\asynchttpclient\async-http-client-netty-utils\2.11.0\async-http-client-netty-utils-2.11.0.jar;C:\Users\user\.m2\repository\io\netty\netty-codec-socks\4.1.46.Final\netty-codec-socks-4.1.46.Final.jar;C:\Users\user\.m2\repository\io\netty\netty-handler-proxy\4.1.46.Final\netty-handler-proxy-4.1.46.Final.jar;C:\Users\user\.m2\repository\org\reactivestreams\reactive-streams\1.0.3\reactive-streams-1.0.3.jar;C:\Users\user\.m2\repository\com\typesafe\netty\netty-reactive-streams\2.0.4\netty-reactive-streams-2.0.4.jar;C:\Users\user\.m2\repository\com\fasterxml\jackson\core\jackson-annotations\2.10.3\jackson-annotations-2.10.3.jar;C:\Users\user\.m2\repository\com\fasterxml\jackson\datatype\jackson-datatype-jsr310\2.10.3\jackson-datatype-jsr310-2.10.3.jar;C:\Users\user\.m2\repository\org\apache\camel\camel-timer\3.2.0\camel-timer-3.2.0.jar;C:\Users\user\.m2\repository\org\apache\camel\camel-vm\3.2.0\camel-vm-3.2.0.jar;C:\Users\user\.m2\repository\org\apache\camel\camel-saxon\3.2.0\camel-saxon-3.2.0.jar;C:\Users\user\.m2\repository\org\apache\activemq\activemq-broker\5.15.12\activemq-broker-5.15.12.jar;C:\Users\user\.m2\repository\org\apache\activemq\activemq-client\5.15.12\activemq-client-5.15.12.jar;C:\Users\user\.m2\repository\org\apache\geronimo\specs\geronimo-jms_1.1_spec\1.1.1\geronimo-jms_1.1_spec-1.1.1.jar;C:\Users\user\.m2\repository\org\fusesource\hawtbuf\hawtbuf\1.11\hawtbuf-1.11.jar;C:\Users\user\.m2\repository\org\apache\activemq\activemq-openwire-legacy\5.15.12\activemq-openwire-legacy-5.15.12.jar;C:\Users\user\.m2\repository\com\google\guava\guava\28.2-jre\guava-28.2-jre.jar;C:\Users\user\.m2\repository\com\google\guava\failureaccess\1.0.1\failureaccess-1.0.1.jar;C:\Users\user\.m2\repository\com\google\guava\listenablefuture\9999.0-empty-to-avoid-conflict-with-guava\listenablefuture-9999.0-empty-to-avoid-conflict-with-guava.jar;C:\Users\user\.m2\repository\com\google\code\findbugs\jsr305\3.0.2\jsr305-3.0.2.jar;C:\Users\user\.m2\repository\org\checkerframework\checker-qual\2.10.0\checker-qual-2.10.0.jar;C:\Users\user\.m2\repository\com\google\errorprone\error_prone_annotations\2.3.4\error_prone_annotations-2.3.4.jar;C:\Users\user\.m2\repository\com\google\j2objc\j2objc-annotations\1.3\j2objc-annotations-1.3.jar;C:\Users\user\.m2\repository\org\apache\activemq\activemq-camel\5.15.12\activemq-camel-5.15.12.jar;C:\Users\user\.m2\repository\org\apache\activemq\activemq-spring\5.15.12\activemq-spring-5.15.12.jar;C:\Users\user\.m2\repository\org\apache\xbean\xbean-spring\4.16\xbean-spring-4.16.jar;C:\Users\user\.m2\repository\org\apache\activemq\activemq-pool\5.15.12\activemq-pool-5.15.12.jar;C:\Users\user\.m2\repository\org\apache\activemq\activemq-jms-pool\5.15.12\activemq-jms-pool-5.15.12.jar;C:\Users\user\.m2\repository\org\apache\geronimo\specs\geronimo-jta_1.1_spec\1.1.1\geronimo-jta_1.1_spec-1.1.1.jar;C:\Users\user\.m2\repository\org\apache\commons\commons-pool2\2.8.0\commons-pool2-2.8.0.jar;C:\Users\user\.m2\repository\org\apache\activemq\activemq-kahadb-store\5.15.12\activemq-kahadb-store-5.15.12.jar;C:\Users\user\.m2\repository\org\apache\activemq\protobuf\activemq-protobuf\1.1\activemq-protobuf-1.1.jar;C:\Users\user\.m2\repository\org\apache\geronimo\specs\geronimo-j2ee-management_1.1_spec\1.0.1\geronimo-j2ee-management_1.1_spec-1.0.1.jar;C:\Users\user\.m2\repository\org\apache\activemq\artemis-server\2.12.0\artemis-server-2.12.0.jar;C:\Users\user\.m2\repository\org\jboss\logging\jboss-logging\3.4.0.Final\jboss-logging-3.4.0.Final.jar;C:\Users\user\.m2\repository\org\jboss\logmanager\jboss-logmanager\2.1.10.Final\jboss-logmanager-2.1.10.Final.jar;C:\Users\user\.m2\repository\org\wildfly\common\wildfly-common\1.5.1.Final\wildfly-common-1.5.1.Final.jar;C:\Users\user\.m2\repository\org\apache\activemq\artemis-selector\2.12.0\artemis-selector-2.12.0.jar;C:\Users\user\.m2\repository\org\apache\activemq\artemis-journal\2.12.0\artemis-journal-2.12.0.jar;C:\Users\user\.m2\repository\org\apache\activemq\artemis-jdbc-store\2.12.0\artemis-jdbc-store-2.12.0.jar;C:\Users\user\.m2\repository\org\apache\activemq\artemis-core-client\2.12.0\artemis-core-client-2.12.0.jar;C:\Users\user\.m2\repository\org\jgroups\jgroups\3.6.13.Final\jgroups-3.6.13.Final.jar;C:\Users\user\.m2\repository\org\apache\johnzon\johnzon-core\0.9.5\johnzon-core-0.9.5.jar;C:\Users\user\.m2\repository\org\apache\activemq\activemq-artemis-native\1.0.1\activemq-artemis-native-1.0.1.jar;C:\Users\user\.m2\repository\org\jctools\jctools-core\2.1.2\jctools-core-2.1.2.jar;C:\Users\user\.m2\repository\io\netty\netty-transport-native-epoll\4.1.48.Final\netty-transport-native-epoll-4.1.48.Final-linux-x86_64.jar;C:\Users\user\.m2\repository\io\netty\netty-transport-native-kqueue\4.1.48.Final\netty-transport-native-kqueue-4.1.48.Final-osx-x86_64.jar;C:\Users\user\.m2\repository\io\micrometer\micrometer-core\1.1.4\micrometer-core-1.1.4.jar;C:\Users\user\.m2\repository\org\hdrhistogram\HdrHistogram\2.1.9\HdrHistogram-2.1.9.jar;C:\Users\user\.m2\repository\org\latencyutils\LatencyUtils\2.0.3\LatencyUtils-2.0.3.jar;C:\Users\user\.m2\repository\org\apache\geronimo\specs\geronimo-json_1.0_spec\1.0-alpha-1\geronimo-json_1.0_spec-1.0-alpha-1.jar;C:\Users\user\.m2\repository\org\apache\activemq\artemis-commons\2.12.0\artemis-commons-2.12.0.jar;C:\Users\user\.m2\repository\org\apache\activemq\artemis-jms-client-all\2.12.0\artemis-jms-client-all-2.12.0.jar;C:\Users\user\.m2\repository\com\progress\sonic\mq\sonic_Client\8.6.0\sonic_Client-8.6.0.jar;C:\Users\user\.m2\repository\com\progress\sonic\mq\sonic_Crypto\8.6.0\sonic_Crypto-8.6.0.jar;C:\Users\user\.m2\repository\com\progress\sonic\mq\sonic_XMessage\8.6.0\sonic_XMessage-8.6.0.jar;C:\Users\user\.m2\repository\org\jolokia\jolokia-core\1.6.2\jolokia-core-1.6.2.jar;C:\Users\user\.m2\repository\org\jolokia\jolokia-jvm\1.6.2\jolokia-jvm-1.6.2.jar;C:\Program Files\Java\jdk1.8.0_144\jre\..\lib\tools.jar;C:\Users\user\.m2\repository\org\jolokia\jolokia-client-java\1.6.2\jolokia-client-java-1.6.2.jar;C:\Users\user\.m2\repository\org\apache\httpcomponents\httpcore\4.4.7\httpcore-4.4.7.jar;C:\Users\user\.m2\repository\org\apache\httpcomponents\httpclient-osgi\4.5.3\httpclient-osgi-4.5.3.jar;C:\Users\user\.m2\repository\org\apache\commons\commons-configuration2\2.7\commons-configuration2-2.7.jar;C:\Users\user\.m2\repository\org\apache\commons\commons-lang3\3.9\commons-lang3-3.9.jar;C:\Users\user\.m2\repository\commons-logging\commons-logging\1.2\commons-logging-1.2.jar;C:\Users\user\.m2\repository\commons-cli\commons-cli\1.4\commons-cli-1.4.jar;C:\Users\user\.m2\repository\commons-collections\commons-collections\3.2.2\commons-collections-3.2.2.jar;C:\Users\user\.m2\repository\commons-jxpath\commons-jxpath\1.3\commons-jxpath-1.3.jar;C:\Users\user\.m2\repository\commons-dbcp\commons-dbcp\1.4\commons-dbcp-1.4.jar;C:\Users\user\.m2\repository\commons-beanutils\commons-beanutils\1.9.4\commons-beanutils-1.9.4.jar;C:\Users\user\.m2\repository\org\apache\httpcomponents\httpclient\4.5.12\httpclient-4.5.12.jar;C:\Users\user\.m2\repository\commons-codec\commons-codec\1.11\commons-codec-1.11.jar;C:\Users\user\.m2\repository\javax\servlet\javax.servlet-api\3.1.0\javax.servlet-api-3.1.0.jar;C:\Users\user\.m2\repository\javax\json\javax.json-api\1.1.4\javax.json-api-1.1.4.jar;C:\Users\user\.m2\repository\aopalliance\aopalliance\1.0\aopalliance-1.0.jar;C:\Users\user\.m2\repository\ch\qos\logback\logback-classic\1.2.3\logback-classic-1.2.3.jar;C:\Users\user\.m2\repository\ch\qos\logback\logback-core\1.2.3\logback-core-1.2.3.jar;C:\Users\user\.m2\repository\io\github\assimbly\docconverter\1.3.0\docconverter-1.3.0.jar;C:\Users\user\.m2\repository\com\opencsv\opencsv\5.1\opencsv-5.1.jar;C:\Users\user\.m2\repository\org\apache\commons\commons-collections4\4.4\commons-collections4-4.4.jar;C:\Users\user\.m2\repository\com\thoughtworks\xstream\xstream\1.4.11.1\xstream-1.4.11.1.jar;C:\Users\user\.m2\repository\xmlpull\xmlpull\1.1.3.1\xmlpull-1.1.3.1.jar;C:\Users\user\.m2\repository\xpp3\xpp3_min\1.1.4c\xpp3_min-1.1.4c.jar;C:\Users\user\.m2\repository\org\simpleflatmapper\sfm-csv\8.2.1\sfm-csv-8.2.1.jar;C:\Users\user\.m2\repository\org\simpleflatmapper\lightning-csv\8.2.1\lightning-csv-8.2.1.jar;C:\Users\user\.m2\repository\org\simpleflatmapper\ow2-asm\6.2\ow2-asm-6.2.jar;C:\Users\user\.m2\repository\org\simpleflatmapper\sfm-util\8.2.1\sfm-util-8.2.1.jar;C:\Users\user\.m2\repository\org\simpleflatmapper\sfm-map\8.2.1\sfm-map-8.2.1.jar;C:\Users\user\.m2\repository\org\simpleflatmapper\sfm-reflect\8.2.1\sfm-reflect-8.2.1.jar;C:\Users\user\.m2\repository\org\simpleflatmapper\sfm-converter\8.2.1\sfm-converter-8.2.1.jar;C:\Users\user\.m2\repository\org\simpleflatmapper\sfm-tuples\8.2.1\sfm-tuples-8.2.1.jar;C:\Users\user\.m2\repository\com\univocity\univocity-parsers\2.8.4\univocity-parsers-2.8.4.jar;C:\Users\user\.m2\repository\org\json\json\20190722\json-20190722.jar;C:\Users\user\.m2\repository\com\fasterxml\jackson\dataformat\jackson-dataformat-csv\2.10.3\jackson-dataformat-csv-2.10.3.jar;C:\Users\user\.m2\repository\com\fasterxml\jackson\dataformat\jackson-dataformat-yaml\2.10.3\jackson-dataformat-yaml-2.10.3.jar;C:\Users\user\.m2\repository\org\yaml\snakeyaml\1.24\snakeyaml-1.24.jar;C:\Users\user\.m2\repository\mysql\mysql-connector-java\8.0.20\mysql-connector-java-8.0.20.jar;C:\Users\user\.m2\repository\com\google\protobuf\protobuf-java\3.6.1\protobuf-java-3.6.1.jar;C:\Users\user\.m2\repository\org\postgresql\postgresql\42.2.12\postgresql-42.2.12.jar;C:\Users\user\.m2\repository\com\microsoft\sqlserver\mssql-jdbc\8.2.2.jre8\mssql-jdbc-8.2.2.jre8.jar;C:\Users\user\.m2\repository\com\oracle\jdbc\ojdbc8\18.3.0.0\ojdbc8-18.3.0.0.jar;C:\Users\user\.m2\repository\com\oracle\jdbc\ucp\18.3.0.0\ucp-18.3.0.0.jar;C:\Users\user\.m2\repository\javax\xml\soap\javax.xml.soap-api\1.4.0\javax.xml.soap-api-1.4.0.jar;C:\Users\user\.m2\repository\javax\xml\bind\jaxb-api\2.3.1\jaxb-api-2.3.1.jar;C:\Users\user\.m2\repository\javax\activation\javax.activation-api\1.2.0\javax.activation-api-1.2.0.jar;C:\Users\user\.m2\repository\com\sun\xml\bind\jaxb-core\2.3.0.1\jaxb-core-2.3.0.1.jar;C:\Users\user\.m2\repository\com\sun\xml\bind\jaxb-impl\2.3.2\jaxb-impl-2.3.2.jar;C:\Users\user\.m2\repository\dev\jeka\jeka-core\0.8.20.RELEASE\jeka-core-0.8.20.RELEASE.jar;C:\Users\user\.m2\repository\junit\junit\4.13\junit-4.13.jar;C:\Users\user\.m2\repository\org\hamcrest\hamcrest-core\1.3\hamcrest-core-1.3.jar;C:\Users\user\.m2\repository\org\mockito\mockito-core\2.28.2\mockito-core-2.28.2.jar;C:\Users\user\.m2\repository\net\bytebuddy\byte-buddy\1.9.10\byte-buddy-1.9.10.jar;C:\Users\user\.m2\repository\net\bytebuddy\byte-buddy-agent\1.9.10\byte-buddy-agent-1.9.10.jar;C:\Users\user\.m2\repository\org\objenesis\objenesis\2.6\objenesis-2.6.jar;C:\Users\user\.m2\repository\org\codehaus\groovy\groovy-test\2.5.4\groovy-test-2.5.4.jar;C:\Users\user\.m2\repository\org\codehaus\groovy\groovy\2.5.4\groovy-2.5.4.jar;"/>
    <property name="sun.cpu.endian" value="little"/>
    <property name="user.home" value="C:\Users\user"/>
    <property name="user.language" value="en"/>
    <property name="java.specification.vendor" value="Oracle Corporation"/>
    <property name="java.home" value="C:\Program Files\Java\jdk1.8.0_144\jre"/>
    <property name="basedir" value="C:\Users\user\git\producewithcamel\nifi-producewithcamel-processors"/>
    <property name="file.separator" value="\"/>
    <property name="line.separator" value="&#10;"/>
    <property name="java.vm.specification.vendor" value="Oracle Corporation"/>
    <property name="java.specification.name" value="Java Platform API Specification"/>
    <property name="java.awt.graphicsenv" value="sun.awt.Win32GraphicsEnvironment"/>
    <property name="java.awt.headless" value="true"/>
    <property name="surefire.real.class.path" value="C:\Users\user\AppData\Local\Temp\surefire448544264798511602\surefirebooter1923376360643723083.jar"/>
    <property name="sun.boot.class.path" value="C:\Program Files\Java\jdk1.8.0_144\jre\lib\resources.jar;C:\Program Files\Java\jdk1.8.0_144\jre\lib\rt.jar;C:\Program Files\Java\jdk1.8.0_144\jre\lib\sunrsasign.jar;C:\Program Files\Java\jdk1.8.0_144\jre\lib\jsse.jar;C:\Program Files\Java\jdk1.8.0_144\jre\lib\jce.jar;C:\Program Files\Java\jdk1.8.0_144\jre\lib\charsets.jar;C:\Program Files\Java\jdk1.8.0_144\jre\lib\jfr.jar;C:\Program Files\Java\jdk1.8.0_144\jre\classes"/>
    <property name="user.script" value=""/>
    <property name="sun.management.compiler" value="HotSpot 64-Bit Tiered Compilers"/>
    <property name="java.runtime.version" value="1.8.0_144-b01"/>
    <property name="java.net.preferIPv4Stack" value="true"/>
    <property name="user.name" value="user"/>
    <property name="path.separator" value=";"/>
    <property name="os.version" value="6.3"/>
    <property name="java.endorsed.dirs" value="C:\Program Files\Java\jdk1.8.0_144\jre\lib\endorsed"/>
    <property name="java.runtime.name" value="Java(TM) SE Runtime Environment"/>
    <property name="file.encoding" value="UTF-8"/>
    <property name="java.vm.name" value="Java HotSpot(TM) 64-Bit Server VM"/>
    <property name="localRepository" value="C:\Users\user\.m2\repository"/>
    <property name="java.vendor.url.bug" value="http://bugreport.sun.com/bugreport/"/>
    <property name="java.io.tmpdir" value="C:\Users\user\AppData\Local\Temp\"/>
    <property name="java.version" value="1.8.0_144"/>
    <property name="user.dir" value="C:\Users\user\git\producewithcamel\nifi-producewithcamel-processors"/>
    <property name="os.arch" value="amd64"/>
    <property name="java.vm.specification.name" value="Java Virtual Machine Specification"/>
    <property name="java.awt.printerjob" value="sun.awt.windows.WPrinterJob"/>
    <property name="user.language.format" value="nl"/>
    <property name="sun.os.patch.level" value=""/>
    <property name="java.library.path" value="C:\Program Files\Java\jdk1.8.0_144\jre\bin;C:\Windows\Sun\Java\bin;C:\Windows\system32;C:\Windows;C:/Program Files/Java/jdk1.8.0_191/bin/../jre/bin/server;C:/Program Files/Java/jdk1.8.0_191/bin/../jre/bin;C:/Program Files/Java/jdk1.8.0_191/bin/../jre/lib/amd64;C:\Program Files\AdoptOpenJDK\jdk-11.0.6.10-hotspot\bin;C:\Program Files (x86)\Common Files\Oracle\Java\javapath;;C:\Windows\system32;C:\Windows;C:\Windows\System32\Wbem;C:\Windows\System32\WindowsPowerShell\v1.0\;C:\Program Files\TortoiseSVN\bin;C:\Program Files (x86)\Gpg4win\..\GnuPG\bin;C:\Program Files\Git\cmd;C:\Program Files (x86)\Yarn\bin\;C:\Program Files\nodejs\;C:\ProgramData\chocolatey\bin;C:\Program Files\Microsoft Windows Performance Toolkit\;C:\Program Files (x86)\Windows Kits\8.1\Windows Performance Toolkit\;%M2_HOME%\bin;C:\Users\user\AppData\Local\GitHubDesktop\bin;C:\Users\user\AppData\Local\Yarn\bin;C:\Users\user\AppData\Roaming\npm;C:\Users\user\Documents\rad\sts-4.1.0.RELEASE;;."/>
    <property name="java.vm.info" value="mixed mode"/>
    <property name="java.vendor" value="Oracle Corporation"/>
    <property name="java.vm.version" value="25.144-b01"/>
    <property name="java.ext.dirs" value="C:\Program Files\Java\jdk1.8.0_144\jre\lib\ext;C:\Windows\Sun\Java\lib\ext"/>
    <property name="sun.io.unicode.encoding" value="UnicodeLittle"/>
    <property name="java.class.version" value="52.0"/>
  </properties>
  <testcase name="testProcessor" classname="io.github.assimbly.processors.producewithcamel.ProduceWithCamelTest" time="1.744"/>
</testsuite>